/opt/lampp/sbin/mysqld, Version: 10.4.28-MariaDB-log (Source distribution). started with:
Tcp port: 3306  Unix socket: /opt/lampp/var/mysql/mysql.sock
Time		    Id Command	Argument
240314  4:56:01	     8 Connect	root@localhost as anonymous on 
		     8 Quit	
240314  4:56:02	     9 Connect	root@localhost as anonymous on 
		     9 Query	select @@version_comment limit 1
240314  4:56:14	     9 Query	SELECT DATABASE()
		     9 Init DB	THEME_PARK
		     9 Query	show databases
		     9 Query	show tables
		     9 Field List	ATTRACTION 
		     9 Field List	EMPLOYEE 
		     9 Field List	HOURS 
		     9 Field List	SALES 
		     9 Field List	SALES_LINE 
		     9 Field List	THEMEPARK 
		     9 Field List	TICKET 
240314  4:56:34	     9 Query	SELECT EMP_FNAME,EMP_LNAME FROM EMPLOYEE NATURAL JOIN HOURS GROUP BY EMP_NUM HAVING AVG(HOUR_RATE) > (SELECT AVG(HOUR_RATE) FROM HOURS)
240314  4:56:53	     9 Query	SELECT EMP_FNAME,EMP_LNAME,DATE_WORKED, (SELECT AVG(HOURS_PER_ATTRACT) FROM HOURS) AS AVERAGE,HOURS_PER_ATTRACT - (SELECT AVG(HOURS_PER_ATTRACT) FROM HOURS) AS DIFF FROM EMPLOYEE NATURAL JOIN HOURS
240314  4:57:59	     9 Query	SELECT TRANSACTION_NO,LINE_NO,LINE_QTY,LINE_PRICE FROM SALES_LINE SL WHERE SL.LINE_QTY > (SELECT AVG(LINE_QTY) FROM SALES_LINE SA WHERE SA.TRANSACTION_NO = SL.TRANSACTION_NO)
240314  4:58:13	     9 Query	SELECT PARK_CODE,PARK_NAME,PARK_COUNTRY FROM THEMEPARK WHERE EXISTS(SELECT PARK_CODE FROM SALES WHERE SALES.PARK_CODE = THEMEPARK.PARK_CODE)
240314  4:58:24	     9 Query	SELECT PARK_CODE, PARK_NAME, PARK_COUNTRY FROM THEMEPARK WHERE NOT EXISTS (SELECT PARK_CODE FROM SALES WHERE SALES.PARK_CODE = THEMEPARK.PARK_CODE)
240314  4:58:46	     9 Query	SELECT ATTRACT_CAPACITY, ATTRACT_NO,ATTRACT_NAME,ATTRACT_AGE  FROM ATTRACTION  WHERE ATTRACT_CAPACITY <= (SELECT AVG(ATTRACT_CAPACITY) FROM ATTRACTION)
240314  4:58:51	     9 Quit	
