/opt/lampp/sbin/mysqld, Version: 10.4.28-MariaDB-log (Source distribution). started with:
Tcp port: 3306  Unix socket: /opt/lampp/var/mysql/mysql.sock
Time		    Id Command	Argument
240306 12:35:13	     8 Connect	root@localhost as anonymous on 
		     8 Quit	
240306 12:35:18	     9 Connect	root@localhost as anonymous on 
		     9 Query	select @@version_comment limit 1
240306 12:35:37	     9 Query	SELECT DATABASE()
		     9 Init DB	THEME_PARK
		     9 Query	show databases
		     9 Query	show tables
		     9 Field List	ATTRACTION 
		     9 Field List	EMPLOYEE 
		     9 Field List	HOURS 
		     9 Field List	SALES 
		     9 Field List	SALES_LINE 
		     9 Field List	THEMEPARK 
		     9 Field List	TICKET 
240306 12:38:12	     9 Query	SELECT AVG(HOUR_RATE) FROM HOURS
240306 12:38:55	     9 Query	SELECT AVG(ATTRACT_AGE) FROM ATTRACTION WHERE PARK_CODE = 'UK3452'
240306 12:40:05	     9 Query	SELECT EMP_NUM,SUM(HOURS_PER_ATTRACT) AS TOTAL_HOUR FROM HOURS GROUP BY EMP_NUM
240306 12:42:02	     9 Query	SELECT ATTRACT_NO,MIN(HOUR_RATE),MAX(HOUR_RATE) FROM HOURS GROUP BY ATTRACT_NO
240306 12:44:21	     9 Query	SELECT EMP_NUM,ATTRACT_NO,AVG(HOURS_PER_ATTRACT) FROM HOURS GROUP BY EMP_NUM,ATTRACT_NO HAVING AVG(HOURS_PER_ATTRACT) >=5
240306 12:45:03	     9 Query	SELECT * FROM HOURS CROSS JOIN EMPLOYEE
240306 12:47:08	     9 Query	SELECT EMP_LNAME,EMP_FNAME,ATTRACT_NO ,DATE_WORKED FROM HOURS NATURAL JOIN EMPLOYEE
240306 12:49:34	     9 Query	SELECT EMP_LNAME,EMP_FNAME,HOURS.ATTRACT_NO,DATE_WORKED,ATTRACT_NAME FROM HOURS NATURAL JOIN EMPLOYEE JOIN ATTRACTION ON HOURS.ATTRACT_NO = ATTRACTION.ATTRACT_NO
240306 12:53:01	     9 Query	SELECT T.PARK_NAME, SUM(SL.LINE_PRICE) AS TOTAL_SALES FROM THEMEPARK T JOIN SALES S ON T.PARK_CODE = S.PARK_CODE JOIN SALES_LINE SL ON S.TRANSACTION_NO = SL.TRANSACTION_NO WHERE T.PARK_COUNTRY IN ('UK','FR') GROUP BY T.PARK_CODE, T.PARK_NAME
240306 12:55:08	     9 Query	SELECT SALE_DATE,LINE_QTY,LINE_PRICE FROM SALES NATURAL JOIN SALES_LINES WHERE SALE_DATE = '2007-05-18'
240306 12:55:26	     9 Query	SELECT SALE_DATE,LINE_QTY,LINE_PRICE FROM SALES NATURAL JOIN SALES_LINE WHERE SALE_DATE = '2007-05-18'
