240415 22:31:07	     9 Query	CREATE USER 'tazmeen'@'localhost' IDENTIFIED BY 'tazmeen321'
240415 22:31:26	     9 Query	GRANT SELECT ON THEME_PARK.SALES TO 'tazmeen'@'localhost'
		     9 Query	GRANT SELECT ON THEME_PARK.EMPFR TO 'tazmeen'@'localhost'
		     9 Query	GRANT ALL PRIVILEGES ON employee.* TO 'tazmeen'@'localhost'
240415 22:31:27	     9 Query	GRANT CREATE ON *.* TO 'tazmeen'@'localhost'
240415 22:31:56	     9 Query	REVOKE SELECT ON THEME_PARK.EMPFR FROM 'tazmeen'@'localhost'
240415 22:32:02	     9 Query    GRANT INSERT ON THEME_PARK.TICKET TO 'tazmeen'@'localhost' WITH GRANT OPTION;
240415 22:32:09	     9 Query	SET AUTOCOMMIT = 0
240415 22:32:19	     9 Query	INSERT INTO SALES (TRANSACTION_NO, PARK_CODE, SALE_DATE) VALUES (67594,
'ZA1342', '2007-05-18')
240415 22:32:20	     9 Query	UPDATE SALES
SET SALE_DATE = '2007-05-20'
WHERE TRANSACTION_NO = 67594
240415 22:32:29	     9 Query	SELECT DATABASE()
		     9 Init DB	THEME_PARK
		     9 Query	show databases
		     9 Query	show tables
		     9 Field List	ATTRACTION 
		     9 Field List	EMPFR 
		     9 Field List	EMPLOYEE 
		     9 Field List	EMP_WORKED 
		     9 Field List	HOURS 
		     9 Field List	SALES 
		     9 Field List	SALES_LINE 
		     9 Field List	THEMEPARK 
		     9 Field List	TICKET 
240415 22:32:30	     9 Query	INSERT INTO SALES (TRANSACTION_NO, PARK_CODE, SALE_DATE) VALUES (67594,
'ZA1342', '2007-05-18')
240415 22:32:31	     9 Query	UPDATE SALES
SET SALE_DATE = '2007-05-20'
WHERE TRANSACTION_NO = 67594
240415 22:32:43	     9 Query	ROLLBACK
240415 22:32:59	     9 Query	INSERT INTO SALES (TRANSACTION_NO, PARK_CODE, SALE_DATE) VALUES (67595,
'ZA1343', '2007-05-19')
		     9 Query	INSERT INTO SALES (TRANSACTION_NO, PARK_CODE, SALE_DATE) VALUES (67596,
'ZA1344', '2007-05-21')
		     9 Query	UPDATE SALES
SET SALE_DATE = '2007-05-22'
WHERE TRANSACTION_NO = 67595
		     9 Query	DELETE FROM SALES WHERE TRANSACTION_NO = 67594
		     9 Query	SAVEPOINT my_savepoint
		     9 Query	INSERT INTO SALES (TRANSACTION_NO, PARK_CODE, SALE_DATE) VALUES (67597,
'ZA1342', '2007-05-23')
		     9 Query	INSERT INTO SALES (TRANSACTION_NO, PARK_CODE, SALE_DATE) VALUES (67598,
'ZA1342', '2007-05-24')
240415 22:33:00	     9 Query	ROLLBACK TO SAVEPOINT my_savepoint
